<?xml version="1.0" encoding="UTF-8"?>
<testng-results ignored="0" total="4" passed="4" failed="0" skipped="0">
  <reporter-output>
  </reporter-output>
  <suite started-at="2026-09-22T18:25:16 IST" name="Suite" finished-at="2026-09-22T18:25:16 IST" duration-ms="72">
    <groups>
    </groups>
    <test started-at="2026-09-22T18:25:16 IST" name="Test" finished-at="2026-09-22T18:25:16 IST" duration-ms="72">
      <class name="pac2.orgTest">
        <test-method signature="createorgTest()[pri:0, instance:pac2.orgTest@1198b989]" started-at="2026-09-22T18:25:16 IST" name="createorgTest" finished-at="2026-09-22T18:25:16 IST" duration-ms="1" status="PASS">
          <reporter-output>
          </reporter-output>
        </test-method> <!-- createorgTest -->
        <test-method signature="modifyorgTest()[pri:0, instance:pac2.orgTest@1198b989]" started-at="2026-09-22T18:25:16 IST" name="modifyorgTest" finished-at="2026-09-22T18:25:16 IST" duration-ms="2" status="PASS">
          <reporter-output>
          </reporter-output>
        </test-method> <!-- modifyorgTest -->
      </class> <!-- pac2.orgTest -->
      <class name="pac1.contactTest">
        <test-method signature="createcontactTest()[pri:0, instance:pac1.contactTest@4f638935]" started-at="2026-09-22T18:25:16 IST" name="createcontactTest" finished-at="2026-09-22T18:25:16 IST" duration-ms="10" status="PASS">
          <reporter-output>
          </reporter-output>
        </test-method> <!-- createcontactTest -->
        <test-method signature="modifycontactTest()[pri:0, instance:pac1.contactTest@4f638935]" started-at="2026-09-22T18:25:16 IST" name="modifycontactTest" finished-at="2026-09-22T18:25:16 IST" duration-ms="1" status="PASS">
          <reporter-output>
          </reporter-output>
        </test-method> <!-- modifycontactTest -->
      </class> <!-- pac1.contactTest -->
    </test> <!-- Test -->
  </suite> <!-- Suite -->
</testng-results>
