<?xml version="1.0" encoding="UTF-8"?>
<!-- Generated by org.testng.reporters.JUnitXMLReporter -->
<testsuite ignored="0" hostname="jaanu" failures="0" tests="4" name="Surefire test" time="0.07" errors="0" timestamp="2026-09-21T14:41:04 IST">
  <testcase classname="pac1.contactTest" name="createcontactTest" time="0.01"/>
  <testcase classname="pac1.contactTest" name="modifycontactTest" time="0.002"/>
  <testcase classname="pac2.orgTest" name="createorgTest" time="0.001"/>
  <testcase classname="pac2.orgTest" name="modifyorgTest" time="0.001"/>
</testsuite> <!-- Surefire test -->
