<?xml version="1.0" encoding="UTF-8"?>
<testng-results ignored="0" total="2" passed="2" failed="0" skipped="0">
  <reporter-output>
  </reporter-output>
  <suite started-at="2026-09-21T13:02:43 IST" name="Default suite" finished-at="2026-09-21T13:02:43 IST" duration-ms="63">
    <groups>
    </groups>
    <test started-at="2026-09-21T13:02:43 IST" name="Default test" finished-at="2026-09-21T13:02:43 IST" duration-ms="63">
      <class name="pac2.orgTest">
        <test-method signature="createorgTest()[pri:0, instance:pac2.orgTest@1b11171f]" started-at="2026-09-21T13:02:43 IST" name="createorgTest" finished-at="2026-09-21T13:02:43 IST" duration-ms="9" status="PASS">
          <reporter-output>
          </reporter-output>
        </test-method> <!-- createorgTest -->
        <test-method signature="modifyorgTest()[pri:0, instance:pac2.orgTest@1b11171f]" started-at="2026-09-21T13:02:43 IST" name="modifyorgTest" finished-at="2026-09-21T13:02:43 IST" duration-ms="2" status="PASS">
          <reporter-output>
          </reporter-output>
        </test-method> <!-- modifyorgTest -->
      </class> <!-- pac2.orgTest -->
    </test> <!-- Default test -->
  </suite> <!-- Default suite -->
</testng-results>
